  wheel.cpp
  unit.cpp
  titlerogo.cpp
  title.cpp
  steam.cpp
  Source.cpp
  sound.cpp
  skydoom.cpp
c:\users\ths60400\documents\necroarmoalma\gpgm21あああああ\skydoom.cpp(136): warning C4101: 'rotcheckBtoM': ローカル変数は 1 度も使われていません。
c:\users\ths60400\documents\necroarmoalma\gpgm21あああああ\skydoom.cpp(134): warning C4101: 'fDiffRotY': ローカル変数は 1 度も使われていません。
  shire-.cpp
  shadow.cpp
  setting.cpp
  score.cpp
  resultscore.cpp
  result.cpp
  pause.cpp
  model_longcheck.cpp
c:\users\ths60400\documents\necroarmoalma\gpgm21あああああ\model_longcheck.h(49): warning C4091: 'typedef ': 変数が何も宣言されていないときは、'' の左辺を無視します。
  modellife.cpp
  modelbooster.cpp
c:\users\ths60400\documents\necroarmoalma\gpgm21あああああ\modelbooster.cpp(132): warning C4101: 'fDiffRotY': ローカル変数は 1 度も使われていません。
  modelarm.cpp
c:\users\ths60400\documents\necroarmoalma\gpgm21あああああ\modelarm.cpp(129): warning C4101: 'fDiffRotY': ローカル変数は 1 度も使われていません。
  model.cpp
c:\users\ths60400\documents\necroarmoalma\gpgm21あああああ\model.cpp(1033): warning C4101: 'lvkakunou': ローカル変数は 1 度も使われていません。
  コードを生成中...
c:\users\ths60400\documents\necroarmoalma\gpgm21あああああ\model_longcheck.cpp(92): warning C4715: 'loadmodel': 値を返さないコントロール パスがあります。
  コンパイル中...
  meshwall.cpp
  meshfield.cpp
  map.cpp
c:\users\ths60400\documents\necroarmoalma\gpgm21あああああ\map.cpp(134): warning C4101: 'rotcheckBtoM': ローカル変数は 1 度も使われていません。
c:\users\ths60400\documents\necroarmoalma\gpgm21あああああ\map.cpp(132): warning C4101: 'fDiffRotY': ローカル変数は 1 度も使われていません。
  main.cpp
c:\users\ths60400\documents\necroarmoalma\gpgm21あああああ\model_longcheck.h(49): warning C4091: 'typedef ': 変数が何も宣言されていないときは、'' の左辺を無視します。
  lockcircle.cpp
c:\users\ths60400\documents\necroarmoalma\gpgm21あああああ\lockcircle.cpp(110): warning C4101: 'fDiffRotY': ローカル変数は 1 度も使われていません。
  light.cpp
  input.cpp
  hitcheck.cpp
  hit.cpp
c:\users\ths60400\documents\necroarmoalma\gpgm21あああああ\model.h(35): warning C4005: 'VALUE_MOVE_MODEL': マクロが再定義されました。
  c:\users\ths60400\documents\necroarmoalma\gpgm21あああああ\hit.h(16): note: 'VALUE_MOVE_MODEL' の以前の定義を確認してください
  game.cpp
c:\users\ths60400\documents\necroarmoalma\gpgm21あああああ\hit.h(16): warning C4005: 'VALUE_MOVE_MODEL': マクロが再定義されました。
  c:\users\ths60400\documents\necroarmoalma\gpgm21あああああ\model.h(35): note: 'VALUE_MOVE_MODEL' の以前の定義を確認してください
c:\users\ths60400\documents\necroarmoalma\gpgm21あああああ\bulletmk2.h(15): warning C4005: 'BULLET_MAX': マクロが再定義されました。
  c:\users\ths60400\documents\necroarmoalma\gpgm21あああああ\hit.h(15): note: 'BULLET_MAX' の以前の定義を確認してください
c:\users\ths60400\documents\necroarmoalma\gpgm21あああああ\model_longcheck.h(49): warning C4091: 'typedef ': 変数が何も宣言されていないときは、'' の左辺を無視します。
c:\users\ths60400\documents\necroarmoalma\gpgm21あああああ\game.cpp(464): warning C4101: 'bank': ローカル変数は 1 度も使われていません。
c:\users\ths60400\documents\necroarmoalma\gpgm21あああああ\game.cpp(514): warning C4101: 'bank': ローカル変数は 1 度も使われていません。
  fade.cpp
  evolve.cpp
  enemywave.cpp
c:\users\ths60400\documents\necroarmoalma\gpgm21あああああ\enemywave.cpp(99): warning C4244: '初期化中': 'double' から 'int' への変換です。データが失われる可能性があります。
  enemyinfo.cpp
  enemycontrol.cpp
  enemy.cpp
c:\users\ths60400\documents\necroarmoalma\gpgm21あああああ\enemy.cpp(34): warning C4005: 'VALUE_MOVE_ENEMY': マクロが再定義されました。
  c:\users\ths60400\documents\necroarmoalma\gpgm21あああああ\enemy.cpp(18): note: 'VALUE_MOVE_ENEMY' の以前の定義を確認してください
c:\users\ths60400\documents\necroarmoalma\gpgm21あああああ\enemy.cpp(191): warning C4101: 'fDiffRotY': ローカル変数は 1 度も使われていません。
c:\users\ths60400\documents\necroarmoalma\gpgm21あああああ\enemy.cpp(372): warning C4101: 'createno': ローカル変数は 1 度も使われていません。
  debugproc.cpp
  camera.cpp
c:\users\ths60400\documents\necroarmoalma\gpgm21あああああ\camera.cpp(113): warning C4244: '=': 'double' から 'float' への変換です。データが失われる可能性があります。
c:\users\ths60400\documents\necroarmoalma\gpgm21あああああ\camera.cpp(115): warning C4244: '=': 'double' から 'float' への変換です。データが失われる可能性があります。
  bulletmk2.cpp
  bosslife.cpp
  コードを生成中...
  コンパイル中...
  bossbullet.cpp
c:\users\ths60400\documents\necroarmoalma\gpgm21あああああ\bossbullet.cpp(120): warning C4101: 'checkdistance': ローカル変数は 1 度も使われていません。
c:\users\ths60400\documents\necroarmoalma\gpgm21あああああ\bossbullet.cpp(119): warning C4101: 'bossbullethit': ローカル変数は 1 度も使われていません。
c:\users\ths60400\documents\necroarmoalma\gpgm21あああああ\bossbullet.cpp(118): warning C4101: 'rotsetBossBtoP': ローカル変数は 1 度も使われていません。
  boss.cpp
c:\users\ths60400\documents\necroarmoalma\gpgm21あああああ\boss.cpp(182): warning C4244: '=': 'double' から 'float' への変換です。データが失われる可能性があります。
c:\users\ths60400\documents\necroarmoalma\gpgm21あああああ\boss.cpp(172): warning C4101: 'fDiffRotY': ローカル変数は 1 度も使われていません。
  コードを生成中...
  OneStickGame.vcxproj -> C:\Users\ths60400\Documents\necroarmoalma\GPGM21あああああ\Debug\OneStickGame.exe
  OneStickGame.vcxproj -> C:\Users\ths60400\Documents\necroarmoalma\GPGM21あああああ\Debug\OneStickGame.pdb (Full PDB)
